<?xml version="1.0" encoding="UTF-8"?>
<!-- Generated by org.testng.reporters.JUnitXMLReporter -->
<testsuite ignored="0" hostname="G2" failures="1" tests="4" name="Login error validation test" time="21.099" errors="0" timestamp="2026-02-05T11:30:29 EST">
  <testcase classname="framedesign.tests.LoginErrorValidationTest" name="emptyUserEmailPassword" time="0.315"/>
  <testcase classname="framedesign.tests.LoginErrorValidationTest" name="invalidPasswordTest" time="0.631"/>
  <testcase classname="framedesign.tests.LoginErrorValidationTest" name="invalidUserNameTest" time="1.161">
    <skipped/>
  </testcase> <!-- invalidUserNameTest -->
  <testcase classname="framedesign.tests.LoginErrorValidationTest" name="invalidUserNameTest" time="0.74">
    <failure type="java.lang.AssertionError" message="expected [Incorrect email or password.] but found [ncorrect email or password.]">
      <![CDATA[java.lang.AssertionError: expected [Incorrect email or password.] but found [ncorrect email or password.]
at framedesign.tests.LoginErrorValidationTest.invalidUserNameTest(LoginErrorValidationTest.java:35)
at java.base/java.util.ArrayList.forEach(ArrayList.java:1511)
... Removed 31 stack frames]]>
    </failure>
  </testcase> <!-- invalidUserNameTest -->
</testsuite> <!-- Login error validation test -->
