<?xml version="1.0" encoding="UTF-8"?>
<!-- Generated by org.testng.reporters.JUnitXMLReporter -->
<testsuite ignored="1" hostname="G2" failures="0" tests="3" name="Submit order test" time="22.888" errors="0" timestamp="2026-02-05T11:30:08 EST">
  <testcase classname="framedesign.tests.submitOrderTest" name="submitOrder" time="3.939"/>
  <testcase classname="framedesign.tests.submitOrderTest" name="submitOrder" time="3.871"/>
  <testcase classname="framedesign.tests.submitOrderTest" name="OrderHistoryTest" time="1.345"/>
  <testcase classname="framedesign.tests.submitOrderTest" name="deleteOrderTest" time="0.0">
    <ignored/>
  </testcase> <!-- deleteOrderTest -->
</testsuite> <!-- Submit order test -->
