<?xml version="1.0" encoding="UTF-8"?>
<!-- Generated by org.testng.reporters.JUnitXMLReporter -->
<testsuite ignored="1" hostname="G2" failures="0" tests="5" name="Test" time="28.699" errors="0" timestamp="2026-02-02T13:18:14 EST">
  <testcase classname="framedesign.tests.submitOrderTest" name="submitOrder" time="4.027"/>
  <testcase classname="framedesign.tests.submitOrderTest" name="OrderHistoryTest" time="1.266"/>
  <testcase classname="framedesign.tests.LoginErrorValidationTest" name="invalidPasswordTest" time="1.302"/>
  <testcase classname="framedesign.tests.LoginErrorValidationTest" name="invalidUserNameTest" time="0.619"/>
  <testcase classname="framedesign.tests.LoginErrorValidationTest" name="nemptyUserEmailPassword" time="0.331"/>
  <testcase classname="framedesign.tests.submitOrderTest" name="deleteOrderTest" time="0.0">
    <ignored/>
  </testcase> <!-- deleteOrderTest -->
</testsuite> <!-- Test -->
