<?xml version="1.0" encoding="UTF-8"?>
<!-- Generated by org.testng.reporters.JUnitXMLReporter -->
<testsuite ignored="0" hostname="G2" failures="0" tests="3" name="Login error validation test" time="17.066" errors="0" timestamp="2026-02-08T16:03:19 EST">
  <testcase classname="framedesign.tests.LoginErrorValidationTest" name="emptyUserEmailPassword" time="0.299"/>
  <testcase classname="framedesign.tests.LoginErrorValidationTest" name="invalidPasswordTest" time="0.668"/>
  <testcase classname="framedesign.tests.LoginErrorValidationTest" name="invalidUserNameTest" time="1.116"/>
</testsuite> <!-- Login error validation test -->
