<?xml version="1.0" encoding="UTF-8"?>
<!-- Generated by org.testng.reporters.JUnitXMLReporter -->
<testsuite ignored="0" hostname="G2" failures="0" tests="3" name="Login error validation test" time="16.746" errors="0" timestamp="2026-02-09T12:35:07 EST">
  <testcase classname="framedesign.tests.LoginErrorValidationTest" name="emptyUserEmailPassword" time="0.428"/>
  <testcase classname="framedesign.tests.LoginErrorValidationTest" name="invalidPasswordTest" time="0.775"/>
  <testcase classname="framedesign.tests.LoginErrorValidationTest" name="invalidUserNameTest" time="1.146"/>
</testsuite> <!-- Login error validation test -->
