<?xml version="1.0" encoding="UTF-8"?>
<testng-results ignored="1" total="7" passed="5" failed="1" skipped="0">
  <reporter-output>
  </reporter-output>
  <suite started-at="2026-02-08T16:03:02 EST" name="Suite" finished-at="2026-02-08T16:03:27 EST" duration-ms="25708">
    <groups>
      <group name="ErrorHandling">
        <method signature="LoginErrorValidationTest.invalidPasswordTest()[pri:0, instance:framedesign.tests.LoginErrorValidationTest@4470fbd6]" name="invalidPasswordTest" class="framedesign.tests.LoginErrorValidationTest"/>
      </group> <!-- ErrorHandling -->
      <group name="Purchase">
        <method signature="submitOrderTest.submitOrder(java.util.HashMap)[pri:0, instance:framedesign.tests.submitOrderTest@790da477]" name="submitOrder" class="framedesign.tests.submitOrderTest"/>
      </group> <!-- Purchase -->
      <group name="Smoke">
        <method signature="submitOrderTest.submitOrder(java.util.HashMap)[pri:0, instance:framedesign.tests.submitOrderTest@790da477]" name="submitOrder" class="framedesign.tests.submitOrderTest"/>
      </group> <!-- Smoke -->
    </groups>
    <test started-at="2026-02-08T16:03:02 EST" name="Login error validation test" finished-at="2026-02-08T16:03:19 EST" duration-ms="17066">
      <class name="framedesign.tests.LoginErrorValidationTest">
        <test-method is-config="true" signature="lanchApplication()[pri:0, instance:framedesign.tests.LoginErrorValidationTest@4470fbd6]" started-at="2026-02-08T16:03:02 EST" name="lanchApplication" finished-at="2026-02-08T16:03:07 EST" duration-ms="5194" status="PASS">
          <reporter-output>
          </reporter-output>
        </test-method> <!-- lanchApplication -->
        <test-method signature="emptyUserEmailPassword()[pri:0, instance:framedesign.tests.LoginErrorValidationTest@4470fbd6]" started-at="2026-02-08T16:03:07 EST" name="emptyUserEmailPassword" finished-at="2026-02-08T16:03:07 EST" duration-ms="299" status="PASS">
          <reporter-output>
          </reporter-output>
        </test-method> <!-- emptyUserEmailPassword -->
        <test-method is-config="true" signature="tearDown()[pri:0, instance:framedesign.tests.LoginErrorValidationTest@4470fbd6]" started-at="2026-02-08T16:03:07 EST" name="tearDown" finished-at="2026-02-08T16:03:07 EST" duration-ms="217" status="PASS">
          <reporter-output>
          </reporter-output>
        </test-method> <!-- tearDown -->
        <test-method is-config="true" signature="lanchApplication()[pri:0, instance:framedesign.tests.LoginErrorValidationTest@4470fbd6]" started-at="2026-02-08T16:03:07 EST" name="lanchApplication" finished-at="2026-02-08T16:03:11 EST" duration-ms="4065" status="PASS">
          <reporter-output>
          </reporter-output>
        </test-method> <!-- lanchApplication -->
        <test-method signature="invalidPasswordTest()[pri:0, instance:framedesign.tests.LoginErrorValidationTest@4470fbd6]" started-at="2026-02-08T16:03:11 EST" name="invalidPasswordTest" finished-at="2026-02-08T16:03:12 EST" duration-ms="668" status="PASS">
          <reporter-output>
          </reporter-output>
        </test-method> <!-- invalidPasswordTest -->
        <test-method is-config="true" signature="tearDown()[pri:0, instance:framedesign.tests.LoginErrorValidationTest@4470fbd6]" started-at="2026-02-08T16:03:12 EST" name="tearDown" finished-at="2026-02-08T16:03:12 EST" duration-ms="205" status="PASS">
          <reporter-output>
          </reporter-output>
        </test-method> <!-- tearDown -->
        <test-method is-config="true" signature="lanchApplication()[pri:0, instance:framedesign.tests.LoginErrorValidationTest@4470fbd6]" started-at="2026-02-08T16:03:12 EST" name="lanchApplication" finished-at="2026-02-08T16:03:17 EST" duration-ms="5042" status="PASS">
          <reporter-output>
          </reporter-output>
        </test-method> <!-- lanchApplication -->
        <test-method signature="invalidUserNameTest()[pri:0, instance:framedesign.tests.LoginErrorValidationTest@4470fbd6]" started-at="2026-02-08T16:03:17 EST" name="invalidUserNameTest" finished-at="2026-02-08T16:03:18 EST" duration-ms="1116" status="PASS">
          <reporter-output>
          </reporter-output>
        </test-method> <!-- invalidUserNameTest -->
        <test-method is-config="true" signature="tearDown()[pri:0, instance:framedesign.tests.LoginErrorValidationTest@4470fbd6]" started-at="2026-02-08T16:03:18 EST" name="tearDown" finished-at="2026-02-08T16:03:19 EST" duration-ms="201" status="PASS">
          <reporter-output>
          </reporter-output>
        </test-method> <!-- tearDown -->
      </class> <!-- framedesign.tests.LoginErrorValidationTest -->
    </test> <!-- Login error validation test -->
    <test started-at="2026-02-08T16:03:02 EST" name="Submit order test" finished-at="2026-02-08T16:03:27 EST" duration-ms="25708">
      <class name="framedesign.tests.submitOrderTest">
        <test-method is-config="true" signature="lanchApplication()[pri:0, instance:framedesign.tests.submitOrderTest@790da477]" started-at="2026-02-08T16:03:02 EST" name="lanchApplication" finished-at="2026-02-08T16:03:04 EST" duration-ms="2385" status="PASS">
          <reporter-output>
          </reporter-output>
        </test-method> <!-- lanchApplication -->
        <test-method signature="submitOrder(java.util.HashMap)[pri:0, instance:framedesign.tests.submitOrderTest@790da477]" started-at="2026-02-08T16:03:04 EST" name="submitOrder" data-provider="getData" finished-at="2026-02-08T16:03:13 EST" duration-ms="8347" status="PASS">
          <params>
            <param index="0">
              <value>
                <![CDATA[{password=1mail@example.COM, email=Amail@example.com, productName=ZARA COAT 3}]]>
              </value>
            </param>
          </params>
          <reporter-output>
          </reporter-output>
        </test-method> <!-- submitOrder -->
        <test-method is-config="true" signature="tearDown()[pri:0, instance:framedesign.tests.submitOrderTest@790da477]" started-at="2026-02-08T16:03:13 EST" name="tearDown" finished-at="2026-02-08T16:03:13 EST" duration-ms="327" status="PASS">
          <reporter-output>
          </reporter-output>
        </test-method> <!-- tearDown -->
        <test-method is-config="true" signature="lanchApplication()[pri:0, instance:framedesign.tests.submitOrderTest@790da477]" started-at="2026-02-08T16:03:13 EST" name="lanchApplication" finished-at="2026-02-08T16:03:17 EST" duration-ms="4190" status="PASS">
          <reporter-output>
          </reporter-output>
        </test-method> <!-- lanchApplication -->
        <test-method signature="submitOrder(java.util.HashMap)[pri:0, instance:framedesign.tests.submitOrderTest@790da477]" started-at="2026-02-08T16:03:17 EST" name="submitOrder" data-provider="getData" finished-at="2026-02-08T16:03:22 EST" duration-ms="4502" status="PASS">
          <params>
            <param index="0">
              <value>
                <![CDATA[{password=Mia12345!, email=mia@hotmail.com, productName=ADIDAS ORIGINAL}]]>
              </value>
            </param>
          </params>
          <reporter-output>
          </reporter-output>
        </test-method> <!-- submitOrder -->
        <test-method is-config="true" signature="tearDown()[pri:0, instance:framedesign.tests.submitOrderTest@790da477]" started-at="2026-02-08T16:03:22 EST" name="tearDown" finished-at="2026-02-08T16:03:22 EST" duration-ms="222" status="PASS">
          <reporter-output>
          </reporter-output>
        </test-method> <!-- tearDown -->
        <test-method is-config="true" signature="lanchApplication()[pri:0, instance:framedesign.tests.submitOrderTest@790da477]" started-at="2026-02-08T16:03:22 EST" name="lanchApplication" finished-at="2026-02-08T16:03:26 EST" duration-ms="3935" status="PASS">
          <reporter-output>
          </reporter-output>
        </test-method> <!-- lanchApplication -->
        <test-method signature="OrderHistoryTest()[pri:0, instance:framedesign.tests.submitOrderTest@790da477]" started-at="2026-02-08T16:03:26 EST" name="OrderHistoryTest" finished-at="2026-02-08T16:03:27 EST" depends-on-methods="framedesign.tests.submitOrderTest.submitOrder" duration-ms="1183" status="FAIL">
          <exception class="java.lang.NullPointerException">
            <message>
              <![CDATA[Cannot invoke "String.replace(java.lang.CharSequence, java.lang.CharSequence)" because "<parameter1>" is null]]>
            </message>
            <full-stacktrace>
              <![CDATA[java.lang.NullPointerException: Cannot invoke "String.replace(java.lang.CharSequence, java.lang.CharSequence)" because "<parameter1>" is null
at framedesign.pageobjects.OrdersPage.lambda$0(OrdersPage.java:44)
at java.base/java.util.stream.MatchOps$1MatchSink.accept(MatchOps.java:90)
at java.base/java.util.ArrayList$ArrayListSpliterator.tryAdvance(ArrayList.java:1602)
at java.base/java.util.stream.ReferencePipeline.forEachWithCancel(ReferencePipeline.java:129)
at java.base/java.util.stream.AbstractPipeline.copyIntoWithCancel(AbstractPipeline.java:527)
at java.base/java.util.stream.AbstractPipeline.copyInto(AbstractPipeline.java:513)
at java.base/java.util.stream.AbstractPipeline.wrapAndCopyInto(AbstractPipeline.java:499)
at java.base/java.util.stream.MatchOps$MatchOp.evaluateSequential(MatchOps.java:230)
at java.base/java.util.stream.MatchOps$MatchOp.evaluateSequential(MatchOps.java:196)
at java.base/java.util.stream.AbstractPipeline.evaluate(AbstractPipeline.java:234)
at java.base/java.util.stream.ReferencePipeline.anyMatch(ReferencePipeline.java:632)
at framedesign.pageobjects.OrdersPage.getOrderID(OrdersPage.java:44)
at framedesign.tests.submitOrderTest.OrderHistoryTest(submitOrderTest.java:59)
at java.base/jdk.internal.reflect.DirectMethodHandleAccessor.invoke(DirectMethodHandleAccessor.java:104)
at java.base/java.lang.reflect.Method.invoke(Method.java:577)
at org.testng.internal.invokers.MethodInvocationHelper.invokeMethod(MethodInvocationHelper.java:141)
at org.testng.internal.invokers.TestInvoker.invokeMethod(TestInvoker.java:697)
at org.testng.internal.invokers.TestInvoker.invokeTestMethod(TestInvoker.java:230)
at org.testng.internal.invokers.MethodRunner.runInSequence(MethodRunner.java:63)
at org.testng.internal.invokers.TestInvoker$MethodInvocationAgent.invoke(TestInvoker.java:1005)
at org.testng.internal.invokers.TestInvoker.invokeTestMethods(TestInvoker.java:203)
at org.testng.internal.invokers.TestMethodWorker.invokeTestMethods(TestMethodWorker.java:154)
at org.testng.internal.invokers.TestMethodWorker.run(TestMethodWorker.java:134)
at java.base/java.util.ArrayList.forEach(ArrayList.java:1511)
at org.testng.TestRunner.privateRun(TestRunner.java:744)
at org.testng.TestRunner.run(TestRunner.java:616)
at org.testng.SuiteRunner.runTest(SuiteRunner.java:421)
at org.testng.SuiteRunner$SuiteWorker.run(SuiteRunner.java:463)
at org.testng.internal.thread.ThreadUtil.lambda$execute$0(ThreadUtil.java:64)
at java.base/java.util.concurrent.FutureTask.run(FutureTask.java:264)
at java.base/java.util.concurrent.ThreadPoolExecutor.runWorker(ThreadPoolExecutor.java:1136)
at java.base/java.util.concurrent.ThreadPoolExecutor$Worker.run(ThreadPoolExecutor.java:635)
at java.base/java.lang.Thread.run(Thread.java:833)
]]>
            </full-stacktrace>
          </exception> <!-- java.lang.NullPointerException -->
          <reporter-output>
          </reporter-output>
        </test-method> <!-- OrderHistoryTest -->
        <test-method is-config="true" signature="tearDown()[pri:0, instance:framedesign.tests.submitOrderTest@790da477]" started-at="2026-02-08T16:03:27 EST" name="tearDown" finished-at="2026-02-08T16:03:27 EST" duration-ms="228" status="PASS">
          <reporter-output>
          </reporter-output>
        </test-method> <!-- tearDown -->
      </class> <!-- framedesign.tests.submitOrderTest -->
    </test> <!-- Submit order test -->
  </suite> <!-- Suite -->
</testng-results>
