<?xml version="1.0" encoding="UTF-8"?>
<!-- Generated by org.testng.reporters.JUnitReportReporter -->
<testsuite hostname="G2" failures="0" tests="3" name="framedesign.tests.LoginErrorValidations" time="15.519" errors="0" timestamp="2026-02-01T18:24:39 EST" skipped="0">
  <testcase classname="framedesign.tests.LoginErrorValidations" name="invalidPasswordTest" time="5.734"/>
  <testcase classname="framedesign.tests.LoginErrorValidations" name="invalidUserNameTest" time="5.212"/>
  <testcase classname="framedesign.tests.LoginErrorValidations" name="nulluserNamePasswor" time="4.573"/>
</testsuite> <!-- framedesign.tests.LoginErrorValidations -->
