<?xml version="1.0" encoding="UTF-8"?>
<!-- Generated by org.testng.reporters.JUnitReportReporter -->
<testsuite hostname="G2" failures="0" tests="2" name="framedesign.tests.ErrorValidations" time="11.060" errors="0" timestamp="2026-02-01T14:19:01 EST" skipped="0">
  <testcase classname="framedesign.tests.ErrorValidations" name="invalidUserNameTest" time="5.416"/>
  <testcase classname="framedesign.tests.ErrorValidations" name="invalidPasswordTest" time="5.644"/>
</testsuite> <!-- framedesign.tests.ErrorValidations -->
