<?xml version="1.0" encoding="UTF-8"?>
<!-- Generated by org.testng.reporters.JUnitReportReporter -->
<testsuite hostname="G2" failures="0" tests="3" name="framedesign.tests.submitOrderTest" time="16.711" errors="0" timestamp="2026-02-08T15:06:50 EST" skipped="1">
  <testcase classname="framedesign.tests.submitOrderTest" name="submitOrder" time="7.834"/>
  <testcase classname="framedesign.tests.submitOrderTest" name="submitOrder" time="8.877"/>
  <testcase classname="framedesign.tests.submitOrderTest" name="deleteOrderTest">
    <skipped/>
  </testcase> <!-- deleteOrderTest -->
</testsuite> <!-- framedesign.tests.submitOrderTest -->
