<?xml version="1.0" encoding="UTF-8"?>
<!-- Generated by org.testng.reporters.JUnitReportReporter -->
<testsuite hostname="G2" failures="0" tests="3" name="framedesign.tests.LoginErrorValidationTest" time="16.690" errors="0" timestamp="2026-02-09T12:35:13 EST" skipped="0">
  <testcase classname="framedesign.tests.LoginErrorValidationTest" name="invalidUserNameTest" time="6.410"/>
  <testcase classname="framedesign.tests.LoginErrorValidationTest" name="invalidPasswordTest" time="4.767"/>
  <testcase classname="framedesign.tests.LoginErrorValidationTest" name="emptyUserEmailPassword" time="5.513"/>
</testsuite> <!-- framedesign.tests.LoginErrorValidationTest -->
