<?xml version="1.0" encoding="UTF-8"?>
<!-- Generated by org.testng.reporters.JUnitReportReporter -->
<testsuite hostname="G2" failures="0" tests="3" name="framedesign.tests.LoginErrorValidationTest" time="17.007" errors="0" timestamp="2026-02-08T16:03:27 EST" skipped="0">
  <testcase classname="framedesign.tests.LoginErrorValidationTest" name="invalidPasswordTest" time="6.063"/>
  <testcase classname="framedesign.tests.LoginErrorValidationTest" name="emptyUserEmailPassword" time="4.581"/>
  <testcase classname="framedesign.tests.LoginErrorValidationTest" name="invalidUserNameTest" time="6.363"/>
</testsuite> <!-- framedesign.tests.LoginErrorValidationTest -->
